[01:09:47] [main/INFO]: Loading Minecraft 1.21.8 with Fabric Loader 0.17.3
[01:09:49] [ForkJoinPool-1-worker-4/WARN]: Mod moredelight uses the version 25.07.28a-1.21.7-fabric which isn't compatible with Loader's extended semantic version format (Could not parse version number component '28a'!), SemVer is recommended for reliably evaluating dependencies and prioritizing newer version
[01:09:49] [ForkJoinPool-1-worker-4/WARN]: Mod ctov uses the version 3.5.10a which isn't compatible with Loader's extended semantic version format (Could not parse version number component '10a'!), SemVer is recommended for reliably evaluating dependencies and prioritizing newer version
[01:09:50] [ForkJoinPool-1-worker-4/WARN]: Mod lootr uses the version fabric-1.21.8-1.16.39.95 which isn't compatible with Loader's extended semantic version format (Could not parse version number component 'fabric'!), SemVer is recommended for reliably evaluating dependencies and prioritizing newer version
[01:09:50] [main/WARN]: Warnings were found!
 - Mod 'Accessorify' (accessorify) 2.3.0+1.21.8 recommends any version of lambdynamiclights, which is missing!
	 - You should install any version of lambdynamiclights for the optimal experience.
 - Mod 'Accessorify' (accessorify) 2.3.0+1.21.8 recommends any version of modmenu, which is missing!
	 - You should install any version of modmenu for the optimal experience.
 - Mod 'Debugify' (debugify) 1.21.8+1.0 recommends any version of modmenu, which is missing!
	 - You should install any version of modmenu for the optimal experience.
[01:09:50] [main/INFO]: Loading 156 mods:
	- accessories 1.3.8-beta+1.21.8
	   |-- io_wispforest_endec 0.1.11
	   |-- io_wispforest_endec_gson 0.1.6
	   |-- io_wispforest_endec_jankson 0.1.6
	   \-- io_wispforest_endec_netty 0.1.5
	- accessorify 2.3.0+1.21.8
	   \-- com_moulberry_mixinconstraints 1.1.0
	- amber 6.0.12+1.21.8
	- architectury 17.0.8
	- balm 21.8.10
	   \-- kuma_api 21.8.5
	- c2me 0.3.4.0.0+1.21.8
	   |-- c2me-base 0.3.4.0.0+1.21.8
	   |-- c2me-client-uncapvd 0.3.4.0.0+1.21.8
	   |-- c2me-fixes-chunkio-threading-issues 0.3.4.0.0+1.21.8
	   |-- c2me-fixes-general-threading-issues 0.3.4.0.0+1.21.8
	   |-- c2me-fixes-worldgen-threading-issues 0.3.4.0.0+1.21.8
	   |-- c2me-fixes-worldgen-vanilla-bugs 0.3.4.0.0+1.21.8
	   |-- c2me-notickvd 0.3.4.0.0+1.21.8
	   |-- c2me-opts-allocs 0.3.4.0.0+1.21.8
	   |-- c2me-opts-chunkio 0.3.4.0.0+1.21.8
	   |-- c2me-opts-dfc 0.3.4.0.0+1.21.8
	   |-- c2me-opts-math 0.3.4.0.0+1.21.8
	   |-- c2me-opts-scheduling 0.3.4.0.0+1.21.8
	   |-- c2me-opts-worldgen-general 0.3.4.0.0+1.21.8
	   |-- c2me-opts-worldgen-vanilla 0.3.4.0.0+1.21.8
	   |-- c2me-rewrites-chunk-serializer 0.3.4.0.0+1.21.8
	   |-- c2me-rewrites-chunk-system 0.3.4.0.0+1.21.8
	   |-- c2me-rewrites-chunkio 0.3.4.0.0+1.21.8
	   |-- c2me-server-utils 0.3.4.0.0+1.21.8
	   |-- c2me-threading-lighting 0.3.4.0.0+1.21.8
	   |-- com_ibm_async_asyncutil 0.1.0
	   |-- io_reactivex_rxjava3_rxjava 3.1.8
	   |-- mixinsquared 0.2.0-beta.6
	   |-- net_objecthunter_exp4j 0.4.8
	   |-- org_jctools_jctools-core 4.0.5
	   \-- org_reactivestreams_reactive-streams 1.0.4
	- cloth-config 19.0.147
	   \-- cloth-basic-math 0.6.1
	- collective 8.11
	- craftable-items 1.4.0
	- cristellib 3.0.2
	   \-- blue_endless_jankson 1.2.3
	- ctov 3.5.10a
	- debugify 1.21.8+1.0
	- dungeons_arise_seven_seas 1.0.4
	- explorify 1.6.4
	- fabric-api 0.136.1+1.21.8
	   |-- fabric-api-base 0.5.0+cd8c0daa2c
	   |-- fabric-api-lookup-api-v1 1.6.101+946bf4c32c
	   |-- fabric-biome-api-v1 16.1.0+c21d71cc2c
	   |-- fabric-block-api-v1 1.1.3+946bf4c32c
	   |-- fabric-block-view-api-v2 1.0.31+946bf4c32c
	   |-- fabric-command-api-v2 2.3.1+52fff9ec2c
	   |-- fabric-content-registries-v0 10.1.0+c75de69d2c
	   |-- fabric-convention-tags-v1 2.1.41+7f945d5b2c
	   |-- fabric-convention-tags-v2 2.15.6+eb5df52f2c
	   |-- fabric-crash-report-info-v1 0.3.15+946bf4c32c
	   |-- fabric-data-attachment-api-v1 1.8.14+97214db32c
	   |-- fabric-data-generation-api-v1 23.2.8+2e1c6d322c
	   |-- fabric-dimensions-v1 4.0.20+948fc79a2c
	   |-- fabric-entity-events-v1 2.1.2+c9e472732c
	   |-- fabric-events-interaction-v0 4.0.26+946bf4c32c
	   |-- fabric-game-rule-api-v1 1.0.73+c64c9c5b2c
	   |-- fabric-item-api-v1 11.5.0+02ce13f42c
	   |-- fabric-item-group-api-v1 4.2.14+c5f9bbc12c
	   |-- fabric-key-binding-api-v1 1.0.65+946bf4c32c
	   |-- fabric-lifecycle-events-v1 2.6.4+db4dfd852c
	   |-- fabric-loot-api-v2 3.0.56+3f89f5a52c
	   |-- fabric-loot-api-v3 2.0.3+946bf4c32c
	   |-- fabric-message-api-v1 6.1.2+946bf4c32c
	   |-- fabric-model-loading-api-v1 5.2.8+946bf4c32c
	   |-- fabric-networking-api-v1 5.1.0+57cb96dd2c
	   |-- fabric-object-builder-api-v1 21.1.10+946bf4c32c
	   |-- fabric-particles-v1 4.1.10+946bf4c32c
	   |-- fabric-recipe-api-v1 8.1.17+946bf4c32c
	   |-- fabric-registry-sync-v0 6.1.30+946bf4c32c
	   |-- fabric-renderer-api-v1 7.0.5+208eed172c
	   |-- fabric-renderer-indigo 4.0.5+946bf4c32c
	   |-- fabric-rendering-fluids-v1 3.1.31+fa6cb72b2c
	   |-- fabric-rendering-v1 12.6.0+486b7ff72c
	   |-- fabric-resource-conditions-api-v1 5.0.25+98e6d6db2c
	   |-- fabric-resource-loader-v0 3.1.12+020423442c
	   |-- fabric-screen-api-v1 2.2.0+e0cb65d02c
	   |-- fabric-screen-handler-api-v1 1.3.139+946bf4c32c
	   |-- fabric-serialization-api-v1 1.0.0+fc0e5aba2c
	   |-- fabric-sound-api-v1 1.0.42+946bf4c32c
	   |-- fabric-tag-api-v1 1.2.2+946bf4c32c
	   |-- fabric-transfer-api-v1 6.0.6+946bf4c32c
	   \-- fabric-transitive-access-wideners-v1 6.5.0+c847ce762c
	- fabric-language-kotlin 1.13.7+kotlin.2.2.21
	   |-- org_jetbrains_kotlin_kotlin-reflect 2.2.21
	   |-- org_jetbrains_kotlin_kotlin-stdlib 2.2.21
	   |-- org_jetbrains_kotlin_kotlin-stdlib-jdk7 2.2.21
	   |-- org_jetbrains_kotlin_kotlin-stdlib-jdk8 2.2.21
	   |-- org_jetbrains_kotlinx_atomicfu-jvm 0.29.0
	   |-- org_jetbrains_kotlinx_kotlinx-coroutines-core-jvm 1.10.2
	   |-- org_jetbrains_kotlinx_kotlinx-coroutines-jdk8 1.10.2
	   |-- org_jetbrains_kotlinx_kotlinx-datetime-jvm 0.7.1
	   |-- org_jetbrains_kotlinx_kotlinx-io-bytestring-jvm 0.8.0
	   |-- org_jetbrains_kotlinx_kotlinx-io-core-jvm 0.8.0
	   |-- org_jetbrains_kotlinx_kotlinx-serialization-cbor-jvm 1.9.0
	   |-- org_jetbrains_kotlinx_kotlinx-serialization-core-jvm 1.9.0
	   \-- org_jetbrains_kotlinx_kotlinx-serialization-json-jvm 1.9.0
	- fabricloader 0.17.3
	   \-- mixinextras 0.5.0
	- farmersdelight 1.21.8-3.3.3+refabricated
	   \-- mm 2.3
	- ferritecore 8.0.0
	- formations 1.0.4
	- formationsnether 1.0.5
	- framework 0.12.3
	   |-- com_electronwill_night-config_core 3.7.1
	   |-- com_electronwill_night-config_toml 3.7.1
	   |-- org_javassist_javassist 3.29.2-GA
	   \-- org_reflections_reflections 0.10.2
	- friendsandfoes 4.0.15
	- fzzy_config 0.7.3+1.21.6
	   |-- blue_endless_jankson 1.2.3
	   |-- fabric-permissions-api-v0 0.4.0
	   \-- net_peanuuutz_tomlkt_tomlkt-jvm 0.3.7
	- gravestones 1.2.6
	- incendium 5.4.9
	- infinitetrading 4.6
	- jamlib 1.3.5+1.21.8
	   \-- blue_endless_jankson 1.2.3
	- java 21
	- kafvalentine 4.1.0+1.21.7
	- letyourfriendeating 1.0.4+patch1
	- lithium 0.18.1+mc1.21.8
	- lithostitched 1.4.11
	- lootr fabric-1.21.8-1.16.39.95
	- minecraft 1.21.8
	- mob-ai-tweaks 1.8.2
	- moogs_structures 1.1.0-1.21.5-1.21.10-fabric
	- moredelight 25.07.28a-1.21.7-fabric
	- mr_katters_structures 2.3
	- mvs 5.0.2
	- owo 0.12.22+1.21.8
	   |-- io_wispforest_endec_gson 0.1.6
	   |-- io_wispforest_endec_jankson 0.1.6
	   \-- io_wispforest_endec_netty 0.1.5
	- pneumonocore 1.21.8
	- refurbished_furniture 1.0.18
	- resource_backpacks 1.21.8-1.2.3
	- resourceconfigapi 1.21.8-3.7.3
	- resourcefullib 3.6.0
	   |-- com_teamresourceful_bytecodecs 1.1.3
	   \-- com_teamresourceful_yabn 1.0.3
	- resourcelibrary 1.21.8-2.8.2
	- rightclickharvest 4.6.0+1.21.8
	- skinrestorer 2.4.3+1.21.6-fabric
	   \-- org_mineskin_java-client 3.0.6-SNAPSHOT
	- spanishdelight 1.21.8-1.0.7
	- structory 1.3.13
	- t_and_t 1.13.5
	- terralith 2.5.13
	- trashslot 21.8.1
	- variantsandventures 1.0.19
	- waystones 21.8.5
	- yet_another_config_lib_v3 3.7.1+1.21.6-fabric
	   |-- com_twelvemonkeys_common_common-image 3.12.0
	   |-- com_twelvemonkeys_common_common-io 3.12.0
	   |-- com_twelvemonkeys_common_common-lang 3.12.0
	   |-- com_twelvemonkeys_imageio_imageio-core 3.12.0
	   |-- com_twelvemonkeys_imageio_imageio-metadata 3.12.0
	   |-- com_twelvemonkeys_imageio_imageio-webp 3.12.0
	   |-- org_quiltmc_parsers_gson 0.2.1
	   \-- org_quiltmc_parsers_json 0.2.1
[01:09:51] [main/INFO]: SpongePowered MIXIN Subsystem Version=0.8.7 Source=file:/workspaces/paraside/servidor_minecraft/libraries/net/fabricmc/sponge-mixin/0.16.5+mixin.0.8.7/sponge-mixin-0.16.5+mixin.0.8.7.jar Service=Knot/Fabric Env=SERVER
[01:09:51] [main/INFO]: Compatibility level set to JAVA_17
[01:09:51] [main/INFO]: Compatibility level set to JAVA_21
[01:09:52] [main/INFO]: Initializing com.ishland.c2me.base.mixin
[01:09:52] [main/INFO]: Updating config from 0 to 1
[01:09:52] [main/INFO]: Updating config from 1 to 2
[01:09:52] [main/INFO]: Updating config from 2 to 3
[01:09:52] [main/INFO]: Global Executor Parallelism: 3 configured, 3 evaluated, 3 default evaluated
[01:09:52] [main/INFO]: Initializing com.ishland.c2me.fixes.chunkio.threading_issues.mixin
[01:09:52] [main/INFO]: Initializing com.ishland.c2me.fixes.general.threading_issues.mixin
[01:09:52] [main/INFO]: Initializing com.ishland.c2me.fixes.worldgen.threading_issues.mixin
[01:09:52] [main/INFO]: Initializing com.ishland.c2me.fixes.worldgen.vanilla_bugs.mixin
[01:09:52] [main/INFO]: Initializing com.ishland.c2me.notickvd.mixin
[01:09:52] [main/INFO]: Initializing com.ishland.c2me.opts.allocs.mixin
[01:09:52] [main/INFO]: Initializing com.ishland.c2me.opts.chunkio.mixin
[01:09:52] [main/INFO]: Initializing com.ishland.c2me.opts.dfc.mixin
[01:09:52] [main/INFO]: Initializing com.ishland.c2me.opts.math.mixin
[01:09:52] [main/INFO]: Initializing com.ishland.c2me.opts.scheduling.mixin
[01:09:52] [main/INFO]: Initializing com.ishland.c2me.opts.worldgen.general.mixin
[01:09:52] [main/INFO]: Initializing com.ishland.c2me.opts.worldgen.vanilla.mixin
[01:09:52] [main/INFO]: Initializing com.ishland.c2me.rewrites.chunk_serializer.mixin
[01:09:52] [main/INFO]: Disabling config ioSystem.gcFreeChunkSerializer: Incompatible with architectury@17.0.8 (*) (defined in c2me)
[01:09:52] [main/INFO]: Disabling com.ishland.c2me.rewrites.chunk_serializer.mixin
[01:09:52] [main/INFO]: Initializing com.ishland.c2me.rewrites.chunksystem.mixin
[01:09:52] [main/INFO]: Initializing com.ishland.c2me.rewrites.chunkio.mixin
[01:09:52] [main/INFO]: Initializing com.ishland.c2me.server.utils.mixin
[01:09:52] [main/INFO]: Initializing com.ishland.c2me.threading.lighting.mixin
[01:09:52] [main/WARN]: Reference map '[common]ctov-common-refmap.json' for ctov-common.mixins.json could not be read. If this is a development environment you can ignore this message
[01:09:52] [main/WARN]: Reference map 'formationsnether.mixins.refmap.json' for formationsnether.mixins.json could not be read. If this is a development environment you can ignore this message
[01:09:52] [main/WARN]: Reference map 'kafvalentine-common-1.21.7-common-refmap.json' for kafvalentine.mixins.json could not be read. If this is a development environment you can ignore this message
[01:09:52] [main/WARN]: Mod 'ferritecore' attempted to override option 'mixin.alloc.blockstate', which doesn't exist, ignoring
[01:09:52] [main/INFO]: Loaded configuration file for Lithium: 164 options available, 0 override(s) found.
[01:09:52] [main/WARN]: Reference map 'trashslot.refmap.json' for trashslot.mixins.json could not be read. If this is a development environment you can ignore this message
[01:09:52] [main/WARN]: Reference map 'trashslot.refmap.json' for trashslot.fabric.mixins.json could not be read. If this is a development environment you can ignore this message
[01:09:52] [main/WARN]: Reference map 'yet_another_config_lib_v3.refmap.json' for yacl.mixins.json could not be read. If this is a development environment you can ignore this message
[01:09:52] [main/WARN]: Reference map 'yet_another_config_lib_v3.refmap.json' for yacl-fabric.mixins.json could not be read. If this is a development environment you can ignore this message
[01:09:52] [main/WARN]: Error loading class: dev/arbor/extrasoundsnext/sounds/SoundManager (java.lang.ClassNotFoundException: dev/arbor/extrasoundsnext/sounds/SoundManager)
[01:09:52] [main/WARN]: @Mixin target dev.arbor.extrasoundsnext.sounds.SoundManager was not found accessorify.mixins.json:compat.extrasounds.SoundManagerMixin from mod accessorify
[01:09:53] [main/WARN]: Error loading class: ca/spottedleaf/starlight/common/thread/SchedulingUtil (java.lang.ClassNotFoundException: ca/spottedleaf/starlight/common/thread/SchedulingUtil)
[01:09:53] [main/WARN]: Error loading class: net/minecraft/class_9934 (java.lang.ClassNotFoundException: net/minecraft/class_9934)
[01:09:53] [main/WARN]: @Mixin target net.minecraft.class_9934 was not found farmersdelight.mixins.json:refabricated.GhostSlotsInvoker from mod farmersdelight
[01:09:53] [main/WARN]: Error loading class: xyz/nucleoid/server/translations/impl/language/SystemDelegatedLanguage (java.lang.ClassNotFoundException: xyz/nucleoid/server/translations/impl/language/SystemDelegatedLanguage)
[01:09:54] [main/INFO]: Initializing MixinExtras via com.llamalad7.mixinextras.service.MixinExtrasServiceImpl(version=0.5.0).
[01:10:02] [main/WARN]: Mod with id: explorify only has an old path for subPath: data/cristellib/structure_config. New Path for Cristel Lib >=2.0.1 is missing! Maybe contact the mod author to let them know.
[01:10:03] [main/INFO]: Loaded config accessorify:config in 500ms
[01:10:03] [main/INFO]: Initializing Everlasting Amber Dreams on Fabric...
[01:10:03] [main/INFO]: Amber internal networking initialized
[01:10:03] [main/INFO]: Loading Collective version 8.11.
[01:10:03] [main/INFO]: Craftable Items mod initialized!
[01:10:03] [main/INFO]: Custom recipes registered:
[01:10:03] [main/INFO]: - Totem of Undying
[01:10:03] [main/INFO]: - Elytra
[01:10:03] [main/INFO]: - Zombified Piglin Spawn Egg
[01:10:03] [main/INFO]: Enabled 58 bug fixes: [MC-2025, MC-7569, MC-8187, MC-30391, MC-69216, MC-82263, MC-84661, MC-88371, MC-89146, MC-93018, MC-94054, MC-100991, MC-119417, MC-119754, MC-121706, MC-121903, MC-123450, MC-123605, MC-129909, MC-132878, MC-134110, MC-136249, MC-139041, MC-147659, MC-147784, MC-155509, MC-159283, MC-160095, MC-168573, MC-170462, MC-176806, MC-177831, MC-179072, MC-183990, MC-187100, MC-199467, MC-200418, MC-201374, MC-202637, MC-206922, MC-215530, MC-219981, MC-221257, MC-223153, MC-224729, MC-226961, MC-227008, MC-227337, MC-231743, MC-232869, MC-245394, MC-267125, MC-268617, MC-271899, MC-272431, MC-297837, MC-298066, MC-299115]
[01:10:03] [main/INFO]: Successfully Debugify'd your game!
[01:10:03] [main/INFO]: YAaargh!
[01:10:03] [main/INFO]: Loaded config farmersdelight-common.json
[01:10:04] [main/INFO]: Reflections took 244 ms to scan 2 urls, producing 12 keys and 155 values
[01:10:04] [main/INFO]: Registered synced data key refurbished_furniture:lock_yaw for refurbished_furniture:seat
[01:10:05] [main/INFO]: Deserializing FriendsAndFoesConfig from 'config/friendsandfoes.json'
[01:10:05] [main/INFO]: Initializing Gravestones
[01:10:05] [main/INFO]: Initializing JamLib on Fabric
[01:10:05] [main/INFO]: For Aristea.
[01:10:05] [main/INFO]: letyourfriendeating initialized with feedFriendEnabled=true and cooldownMs=700ms
[01:10:05] [main/INFO]: Definitely not up to no good
[01:10:05] [main/INFO]: My Seethenhagen factory makes 331 pounds of licorice per hour
[01:10:05] [main/INFO]: Initializing PneumonoCore
[01:10:05] [main/INFO]: Config 'appearance.json' from type 'CLIENT' was skipped.
[01:10:06] [main/INFO]: Updated config file at /workspaces/paraside/servidor_minecraft/config/rightclickharvest.json5
[01:10:06] [main/INFO]: Initializing Right Click Harvest on FABRIC
[01:10:06] [main/INFO]: Registering Mod Blocks for spanishdelight
[01:10:06] [main/INFO]: Registering Mod Items for spanishdelight
[01:10:06] [main/INFO]: Registering Item Groups forspanishdelight
[01:10:06] [main/INFO]: Deserializing VariantsAndVenturesConfig from 'config/variantsandventures.json'
[01:10:07] [main/INFO]: Environment: Environment[sessionHost=https://sessionserver.mojang.com, servicesHost=https://api.minecraftservices.com, name=PROD]
[01:10:09] [Worker-Main-3/INFO]: Modifying loot table: ResourceKey[minecraft:loot_table / kattersstructures:chests/swamp/house]
[01:10:09] [Worker-Main-3/INFO]: Modifying loot table: ResourceKey[minecraft:loot_table / formationsnether:large_house/barrel]
[01:10:09] [Worker-Main-3/INFO]: Modifying loot table: ResourceKey[minecraft:loot_table / kaisyn:village/exclusives/village_mediterranean_house]
[01:10:09] [Worker-Main-3/INFO]: Modifying loot table: ResourceKey[minecraft:loot_table / kattersstructures:chests/underground/house]
[01:10:09] [Worker-Main-3/INFO]: Modifying loot table: ResourceKey[minecraft:loot_table / farmersdelight:chests/fd_village_plains_house]
[01:10:09] [Worker-Main-3/INFO]: Modifying loot table: ResourceKey[minecraft:loot_table / ctov:chests/village/village_jungle_house]
[01:10:09] [Worker-Main-3/INFO]: Modifying loot table: ResourceKey[minecraft:loot_table / kaisyn:village/exclusives/village_piglin_house]
[01:10:09] [Worker-Main-3/INFO]: Modifying loot table: ResourceKey[minecraft:loot_table / kattersstructures:chests/ocean/lighthouse]
[01:10:09] [Worker-Main-3/INFO]: Modifying loot table: ResourceKey[minecraft:loot_table / mvs:houses_uncommon]
[01:10:09] [Worker-Main-3/INFO]: Modifying loot table: ResourceKey[minecraft:loot_table / farmersdelight:chests/fd_village_snowy_house]
[01:10:09] [Worker-Main-3/INFO]: Modifying loot table: ResourceKey[minecraft:loot_table / kattersstructures:chests/birch/house]
[01:10:09] [Worker-Main-3/INFO]: Modifying loot table: ResourceKey[minecraft:loot_table / kattersstructures:chests/mesa/house]
[01:10:09] [Worker-Main-3/INFO]: Modifying loot table: ResourceKey[minecraft:loot_table / kaisyn:village/village_mushroom_house]
[01:10:09] [Worker-Main-3/INFO]: Modifying loot table: ResourceKey[minecraft:loot_table / incendium:castle/barrel/greenhouse_secret]
[01:10:09] [Worker-Main-3/INFO]: Modifying loot table: ResourceKey[minecraft:loot_table / ctov:chests/village/village_swamp_house]
[01:10:09] [Worker-Main-3/INFO]: Modifying loot table: ResourceKey[minecraft:loot_table / mvs:houses_common]
[01:10:09] [Worker-Main-3/INFO]: Modifying loot table: ResourceKey[minecraft:loot_table / kaisyn:village/village_jungle_house]
[01:10:09] [Worker-Main-3/INFO]: Modifying loot table: ResourceKey[minecraft:loot_table / minecraft:blocks/short_grass]
[01:10:09] [Worker-Main-3/INFO]: Modifying loot table: ResourceKey[minecraft:loot_table / ctov:chests/village/village_badlands_house]
[01:10:09] [Worker-Main-3/INFO]: Modifying loot table: ResourceKey[minecraft:loot_table / kattersstructures:chests/sky/house]
[01:10:09] [Worker-Main-3/INFO]: Modifying loot table: ResourceKey[minecraft:loot_table / kaisyn:village/village_swamp_house]
[01:10:09] [Worker-Main-3/INFO]: Modifying loot table: ResourceKey[minecraft:loot_table / ctov:chests/village/village_beach_house]
[01:10:09] [Worker-Main-3/INFO]: Modifying loot table: ResourceKey[minecraft:loot_table / minecraft:chests/village/village_desert_house]
[01:10:09] [Worker-Main-3/INFO]: Modifying loot table: ResourceKey[minecraft:loot_table / farmersdelight:chests/fd_village_savanna_house]
[01:10:09] [Worker-Main-3/INFO]: Modifying loot table: ResourceKey[minecraft:loot_table / minecraft:blocks/tall_grass]
[01:10:09] [Worker-Main-3/INFO]: Modifying loot table: ResourceKey[minecraft:loot_table / mvs:houses_rare]
[01:10:09] [Worker-Main-3/INFO]: Modifying loot table: ResourceKey[minecraft:loot_table / kattersstructures:chests/skyhold/house]
[01:10:09] [Worker-Main-3/INFO]: Modifying loot table: ResourceKey[minecraft:loot_table / mvs:houses_books]
[01:10:09] [Worker-Main-3/INFO]: Modifying loot table: ResourceKey[minecraft:loot_table / minecraft:chests/village/village_snowy_house]
[01:10:09] [Worker-Main-3/INFO]: Modifying loot table: ResourceKey[minecraft:loot_table / mvs:houses_desert]
[01:10:09] [Worker-Main-3/INFO]: Modifying loot table: ResourceKey[minecraft:loot_table / kattersstructures:chests/cherry/house]
[01:10:09] [Worker-Main-3/INFO]: Modifying loot table: ResourceKey[minecraft:loot_table / ctov:chests/village/village_mountain_house]
[01:10:09] [Worker-Main-3/INFO]: Modifying loot table: ResourceKey[minecraft:loot_table / minecraft:chests/village/village_plains_house]
[01:10:09] [Worker-Main-3/INFO]: Modifying loot table: ResourceKey[minecraft:loot_table / ctov:chests/village/village_dark_forest_house]
[01:10:09] [Worker-Main-3/INFO]: Modifying loot table: ResourceKey[minecraft:loot_table / kattersstructures:chests/ocean/house]
[01:10:09] [Worker-Main-3/INFO]: Modifying loot table: ResourceKey[minecraft:loot_table / kaisyn:village/village_badlands_house]
[01:10:09] [Worker-Main-3/INFO]: Modifying loot table: ResourceKey[minecraft:loot_table / formationsnether:large_house/chest]
[01:10:09] [Worker-Main-3/INFO]: Modifying loot table: ResourceKey[minecraft:loot_table / ctov:chests/village/village_mushroom_house]
[01:10:09] [Worker-Main-3/INFO]: Modifying loot table: ResourceKey[minecraft:loot_table / farmersdelight:chests/fd_village_taiga_house]
[01:10:09] [Worker-Main-3/INFO]: Modifying loot table: ResourceKey[minecraft:loot_table / kattersstructures:chests/jungle/house]
[01:10:09] [Worker-Main-3/INFO]: Modifying loot table: ResourceKey[minecraft:loot_table / minecraft:chests/village/village_savanna_house]
[01:10:09] [Worker-Main-3/INFO]: Modifying loot table: ResourceKey[minecraft:loot_table / minecraft:chests/village/village_taiga_house]
[01:10:09] [Worker-Main-3/INFO]: Modifying loot table: ResourceKey[minecraft:loot_table / farmersdelight:chests/fd_village_desert_house]
[01:10:09] [Worker-Main-3/INFO]: Modifying loot table: ResourceKey[minecraft:loot_table / mvs:houses_flower]
[01:10:10] [Worker-Main-3/INFO]: Registering Amber commands for Fabric
[01:10:11] [main/INFO]: Loaded 2724 recipes
[01:10:11] [main/INFO]: Loaded 2787 advancements
[01:10:11] [main/INFO]: Loaded 1 moobloom variants
[01:10:11] [main/INFO]: Loaded 32 entity animations
[01:10:11] [main/INFO]: Applied 480 biome modifications to 156 of 171 new biomes in 14.36 ms
[01:10:11] [Server thread/INFO]: Loading server configs...
[01:10:11] [Server thread/INFO]: Starting minecraft server version 1.21.8
[01:10:11] [Server thread/INFO]: Loading properties
[01:10:11] [Server thread/INFO]: Default game type: SURVIVAL
[01:10:11] [Server thread/INFO]: Generating keypair
[01:10:11] [Server thread/INFO]: Starting Minecraft server on *:25565
[01:10:11] [Server thread/INFO]: Using epoll channel type
[01:10:11] [Server thread/WARN]: **** SERVER IS RUNNING IN OFFLINE/INSECURE MODE!
[01:10:11] [Server thread/WARN]: The server will make no attempt to authenticate usernames. Beware.
[01:10:11] [Server thread/WARN]: While this makes the game possible to play without internet access, it also opens up the ability for hackers to connect with any username they choose.
[01:10:11] [Server thread/WARN]: To change this, set "online-mode" to "true" in the server.properties file.
[01:10:11] [Server thread/INFO]: Preparing level "world"
[01:10:11] [Server thread/INFO]: Enforcing safe world random access
[01:10:12] [Server thread/INFO]: [STDOUT]: Density function compilation finished in 509.0 ms
[01:10:12] [Server thread/INFO]: Using TheSpeedyObjectFactory with Unsafe
[01:10:12] [Server thread/INFO]: [STDOUT]: Density function compilation finished in 17.67 ms
[01:10:12] [Server thread/INFO]: [STDOUT]: Density function compilation finished in 71.43 ms
[01:10:12] [Server thread/INFO]: [STDOUT]: Density function compilation finished in 7.554 ms
[01:10:12] [Server thread/INFO]: Preparing start region for dimension minecraft:overworld
[01:10:15] [c2me-worker-1/INFO]: Preparing spawn area: 0%
[01:10:15] [c2me-worker-1/INFO]: Preparing spawn area: 0%
[01:10:15] [c2me-worker-1/INFO]: Preparing spawn area: 0%
[01:10:15] [c2me-worker-1/INFO]: Preparing spawn area: 0%
[01:10:15] [c2me-worker-1/INFO]: Preparing spawn area: 0%
[01:10:15] [c2me-worker-0/INFO]: Preparing spawn area: 0%
[01:10:15] [Server thread/INFO]: Time elapsed: 2930 ms
[01:10:15] [Server thread/INFO]: Done (4.126s)! For help, type "help"
[01:10:15] [Server thread/INFO]: Registering custom spawn egg recipes programmatically...
[01:10:15] [Server thread/INFO]: Server started, checking recipe registration...
[01:11:15] [Server thread/INFO]: Server empty for 60 seconds, pausing
[01:14:11] [Server thread/INFO]: Madericz[/127.237.250.73:52863] logged in with entity id 22 at (-466.9940139412404, 66.0, -176.870478418149)
[01:14:11] [Server thread/INFO]: Sending server config values to client
[01:14:11] [Server thread/INFO]: Sent config sync packet to 1 player(s)
[01:14:11] [Server thread/INFO]: Syncing Server Configs with Client
[01:14:11] [Server thread/INFO]: Sending data for Config 'resource_backpacks:common/backpacks'
[01:14:11] [Server thread/INFO]: Sending data for Config 'resource_backpacks:common/chest_loot'
[01:14:11] [Server thread/INFO]: Sending data for Config 'resource_backpacks:common/entity_config'
[01:14:11] [Server thread/INFO]: Madericz joined the game
[01:14:14] [Server thread/INFO]: Receiving client config
[01:14:31] [Server thread/INFO]: List of possible modded bow items are empty, preparing to fill up...
[01:14:31] [Server thread/INFO]: No modded bow items have been found!
[01:27:54] [Server thread/INFO]: Madericz has made the advancement [Not Today, Thank You]
[01:31:08] [Server thread/WARN]: UUID of added entity already exists: class_1613['Skeleton'/4855, l='ServerLevel[world]', x=-414.50, y=19.00, z=-127.50]
[01:36:38] [Server thread/WARN]: UUID of added entity already exists: class_1613['Skeleton'/6446, l='ServerLevel[world]', x=-553.50, y=-46.00, z=-303.50]
[01:37:21] [Server thread/INFO]: Madericz has made the advancement [Suit Up]
[01:39:40] [Server thread/INFO]: Madericz has made the advancement [Isn't It Iron Pick]
[01:43:26] [Server thread/INFO]: Madericz has made the advancement [Diamonds!]
[01:54:10] [Server thread/WARN]: UUID of added entity already exists: class_1613['Skeleton'/11097, l='ServerLevel[world]', x=-639.50, y=-13.00, z=-260.50]
[01:56:11] [Server thread/INFO]: [Madericz: The difficulty has been set to Normal]
